app/build/intermediates/manifest_merge_blame_file/debug/processDebugMainManifest/manifest-merger-blame-debug-report.txt
1<?xml version="1.0" encoding="utf-8"?>
2<manifest xmlns:android="http://schemas.android.com/apk/res/android"
3    package="com.iptv.tv.debug"
4    android:versionCode="1"
5    android:versionName="1.0.0" >
6
7    <uses-sdk
8        android:minSdkVersion="23"
9        android:targetSdkVersion="35" />
10
11    <uses-permission android:name="android.permission.INTERNET" />
11-->src/main/AndroidManifest.xml:4:5-67
11-->src/main/AndroidManifest.xml:4:22-64
12    <uses-permission android:name="android.permission.ACCESS_NETWORK_STATE" />
12-->src/main/AndroidManifest.xml:5:5-79
12-->src/main/AndroidManifest.xml:5:22-76
13
14    <!-- Declara que é um app de TV -->
15    <uses-feature
15-->src/main/AndroidManifest.xml:8:5-10:36
16        android:name="android.hardware.touchscreen"
16-->src/main/AndroidManifest.xml:9:9-52
17        android:required="false" />
17-->src/main/AndroidManifest.xml:10:9-33
18    <uses-feature
18-->src/main/AndroidManifest.xml:11:5-13:35
19        android:name="android.software.leanback"
19-->src/main/AndroidManifest.xml:12:9-49
20        android:required="true" />
20-->src/main/AndroidManifest.xml:13:9-32
21
22    <permission
22-->[androidx.core:core:1.16.0] AndroidManifest.xml:22:5-24:47
23        android:name="com.iptv.tv.debug.DYNAMIC_RECEIVER_NOT_EXPORTED_PERMISSION"
23-->[androidx.core:core:1.16.0] AndroidManifest.xml:23:9-81
24        android:protectionLevel="signature" />
24-->[androidx.core:core:1.16.0] AndroidManifest.xml:24:9-44
25
26    <uses-permission android:name="com.iptv.tv.debug.DYNAMIC_RECEIVER_NOT_EXPORTED_PERMISSION" />
26-->[androidx.core:core:1.16.0] AndroidManifest.xml:26:5-97
26-->[androidx.core:core:1.16.0] AndroidManifest.xml:26:22-94
27
28    <application
28-->src/main/AndroidManifest.xml:15:5-48:19
29        android:name="com.iptv.tv.IPTVApp"
29-->src/main/AndroidManifest.xml:16:9-32
30        android:allowBackup="false"
30-->src/main/AndroidManifest.xml:17:9-36
31        android:appComponentFactory="androidx.core.app.CoreComponentFactory"
31-->[androidx.core:core:1.16.0] AndroidManifest.xml:28:18-86
32        android:banner="@drawable/ic_launcher_background"
32-->src/main/AndroidManifest.xml:18:9-58
33        android:debuggable="true"
34        android:extractNativeLibs="false"
35        android:icon="@drawable/ic_launcher_background"
35-->src/main/AndroidManifest.xml:19:9-56
36        android:label="@string/app_name"
36-->src/main/AndroidManifest.xml:20:9-41
37        android:networkSecurityConfig="@xml/network_security_config"
37-->src/main/AndroidManifest.xml:23:9-69
38        android:supportsRtl="true"
38-->src/main/AndroidManifest.xml:21:9-35
39        android:theme="@style/Theme.IPTVPlayer" >
39-->src/main/AndroidManifest.xml:22:9-48
40        <activity
40-->src/main/AndroidManifest.xml:25:9-37:20
41            android:name="com.iptv.tv.MainActivity"
41-->src/main/AndroidManifest.xml:26:13-41
42            android:configChanges="keyboard|keyboardHidden|navigation|orientation|screenLayout|screenSize|smallestScreenSize"
42-->src/main/AndroidManifest.xml:27:13-126
43            android:exported="true"
43-->src/main/AndroidManifest.xml:28:13-36
44            android:launchMode="singleTask"
44-->src/main/AndroidManifest.xml:29:13-44
45            android:screenOrientation="landscape"
45-->src/main/AndroidManifest.xml:30:13-50
46            android:theme="@style/Theme.IPTVPlayer" >
46-->src/main/AndroidManifest.xml:31:13-52
47            <intent-filter>
47-->src/main/AndroidManifest.xml:33:13-36:29
48                <action android:name="android.intent.action.MAIN" />
48-->src/main/AndroidManifest.xml:34:17-69
48-->src/main/AndroidManifest.xml:34:25-66
49
50                <category android:name="android.intent.category.LEANBACK_LAUNCHER" />
50-->src/main/AndroidManifest.xml:35:17-86
50-->src/main/AndroidManifest.xml:35:27-83
51            </intent-filter>
52        </activity>
53
54        <service
54-->src/main/AndroidManifest.xml:39:9-46:19
55            android:name="com.iptv.tv.player.PlaybackService"
55-->src/main/AndroidManifest.xml:40:13-51
56            android:exported="true"
56-->src/main/AndroidManifest.xml:41:13-36
57            android:foregroundServiceType="mediaPlayback" >
57-->src/main/AndroidManifest.xml:42:13-58
58            <intent-filter>
58-->src/main/AndroidManifest.xml:43:13-45:29
59                <action android:name="androidx.media3.session.MediaSessionService" />
59-->src/main/AndroidManifest.xml:44:17-86
59-->src/main/AndroidManifest.xml:44:25-83
60            </intent-filter>
61        </service>
62        <service
62-->[androidx.room:room-runtime:2.6.1] AndroidManifest.xml:24:9-28:63
63            android:name="androidx.room.MultiInstanceInvalidationService"
63-->[androidx.room:room-runtime:2.6.1] AndroidManifest.xml:25:13-74
64            android:directBootAware="true"
64-->[androidx.room:room-runtime:2.6.1] AndroidManifest.xml:26:13-43
65            android:exported="false" />
65-->[androidx.room:room-runtime:2.6.1] AndroidManifest.xml:27:13-37
66
67        <activity
67-->[androidx.compose.ui:ui-tooling-android:1.10.3] AndroidManifest.xml:23:9-25:39
68            android:name="androidx.compose.ui.tooling.PreviewActivity"
68-->[androidx.compose.ui:ui-tooling-android:1.10.3] AndroidManifest.xml:24:13-71
69            android:exported="true" />
69-->[androidx.compose.ui:ui-tooling-android:1.10.3] AndroidManifest.xml:25:13-36
70
71        <provider
71-->[androidx.emoji2:emoji2:1.4.0] AndroidManifest.xml:24:9-32:20
72            android:name="androidx.startup.InitializationProvider"
72-->[androidx.emoji2:emoji2:1.4.0] AndroidManifest.xml:25:13-67
73            android:authorities="com.iptv.tv.debug.androidx-startup"
73-->[androidx.emoji2:emoji2:1.4.0] AndroidManifest.xml:26:13-68
74            android:exported="false" >
74-->[androidx.emoji2:emoji2:1.4.0] AndroidManifest.xml:27:13-37
75            <meta-data
75-->[androidx.emoji2:emoji2:1.4.0] AndroidManifest.xml:29:13-31:52
76                android:name="androidx.emoji2.text.EmojiCompatInitializer"
76-->[androidx.emoji2:emoji2:1.4.0] AndroidManifest.xml:30:17-75
77                android:value="androidx.startup" />
77-->[androidx.emoji2:emoji2:1.4.0] AndroidManifest.xml:31:17-49
78            <meta-data
78-->[androidx.lifecycle:lifecycle-process:2.9.4] AndroidManifest.xml:29:13-31:52
79                android:name="androidx.lifecycle.ProcessLifecycleInitializer"
79-->[androidx.lifecycle:lifecycle-process:2.9.4] AndroidManifest.xml:30:17-78
80                android:value="androidx.startup" />
80-->[androidx.lifecycle:lifecycle-process:2.9.4] AndroidManifest.xml:31:17-49
81            <meta-data
81-->[androidx.profileinstaller:profileinstaller:1.4.1] AndroidManifest.xml:29:13-31:52
82                android:name="androidx.profileinstaller.ProfileInstallerInitializer"
82-->[androidx.profileinstaller:profileinstaller:1.4.1] AndroidManifest.xml:30:17-85
83                android:value="androidx.startup" />
83-->[androidx.profileinstaller:profileinstaller:1.4.1] AndroidManifest.xml:31:17-49
84        </provider>
85
86        <uses-library
86-->[androidx.window:window:1.5.0] AndroidManifest.xml:23:9-25:40
87            android:name="androidx.window.extensions"
87-->[androidx.window:window:1.5.0] AndroidManifest.xml:24:13-54
88            android:required="false" />
88-->[androidx.window:window:1.5.0] AndroidManifest.xml:25:13-37
89        <uses-library
89-->[androidx.window:window:1.5.0] AndroidManifest.xml:26:9-28:40
90            android:name="androidx.window.sidecar"
90-->[androidx.window:window:1.5.0] AndroidManifest.xml:27:13-51
91            android:required="false" />
91-->[androidx.window:window:1.5.0] AndroidManifest.xml:28:13-37
92
93        <receiver
93-->[androidx.profileinstaller:profileinstaller:1.4.1] AndroidManifest.xml:34:9-52:20
94            android:name="androidx.profileinstaller.ProfileInstallReceiver"
94-->[androidx.profileinstaller:profileinstaller:1.4.1] AndroidManifest.xml:35:13-76
95            android:directBootAware="false"
95-->[androidx.profileinstaller:profileinstaller:1.4.1] AndroidManifest.xml:36:13-44
96            android:enabled="true"
96-->[androidx.profileinstaller:profileinstaller:1.4.1] AndroidManifest.xml:37:13-35
97            android:exported="true"
97-->[androidx.profileinstaller:profileinstaller:1.4.1] AndroidManifest.xml:38:13-36
98            android:permission="android.permission.DUMP" >
98-->[androidx.profileinstaller:profileinstaller:1.4.1] AndroidManifest.xml:39:13-57
99            <intent-filter>
99-->[androidx.profileinstaller:profileinstaller:1.4.1] AndroidManifest.xml:40:13-42:29
100                <action android:name="androidx.profileinstaller.action.INSTALL_PROFILE" />
100-->[androidx.profileinstaller:profileinstaller:1.4.1] AndroidManifest.xml:41:17-91
100-->[androidx.profileinstaller:profileinstaller:1.4.1] AndroidManifest.xml:41:25-88
101            </intent-filter>
102            <intent-filter>
102-->[androidx.profileinstaller:profileinstaller:1.4.1] AndroidManifest.xml:43:13-45:29
103                <action android:name="androidx.profileinstaller.action.SKIP_FILE" />
103-->[androidx.profileinstaller:profileinstaller:1.4.1] AndroidManifest.xml:44:17-85
103-->[androidx.profileinstaller:profileinstaller:1.4.1] AndroidManifest.xml:44:25-82
104            </intent-filter>
105            <intent-filter>
105-->[androidx.profileinstaller:profileinstaller:1.4.1] AndroidManifest.xml:46:13-48:29
106                <action android:name="androidx.profileinstaller.action.SAVE_PROFILE" />
106-->[androidx.profileinstaller:profileinstaller:1.4.1] AndroidManifest.xml:47:17-88
106-->[androidx.profileinstaller:profileinstaller:1.4.1] AndroidManifest.xml:47:25-85
107            </intent-filter>
108            <intent-filter>
108-->[androidx.profileinstaller:profileinstaller:1.4.1] AndroidManifest.xml:49:13-51:29
109                <action android:name="androidx.profileinstaller.action.BENCHMARK_OPERATION" />
109-->[androidx.profileinstaller:profileinstaller:1.4.1] AndroidManifest.xml:50:17-95
109-->[androidx.profileinstaller:profileinstaller:1.4.1] AndroidManifest.xml:50:25-92
110            </intent-filter>
111        </receiver>
112    </application>
113
114</manifest>